<?xml version="1.0" encoding="UTF-8"?>
<testng-results skipped="4" failed="0" total="4" passed="0">
  <reporter-output>
  </reporter-output>
  <suite name="Default suite" duration-ms="1852268" started-at="2016-09-13T07:13:44Z" finished-at="2016-09-13T07:44:36Z">
    <groups>
    </groups>
    <test name="Default test" duration-ms="1852268" started-at="2016-09-13T07:13:44Z" finished-at="2016-09-13T07:44:36Z">
      <class name="com.test.AcceptanceTest">
        <test-method status="FAIL" signature="setup()[pri:0, instance:com.test.AcceptanceTest@4883b407]" name="setup" is-config="true" duration-ms="0" started-at="2016-09-13T12:43:44Z" finished-at="2016-09-13T12:43:44Z">
          <exception class="org.openqa.selenium.TimeoutException">
            <message>
              <![CDATA[Timed out waiting for page load.
Command duration or timeout: 1799.97 seconds
Build info: version: '2.48.2', revision: '41bccdd10cf2c0560f637404c2d96164b67d9d67', time: '2015-10-09 13:08:06'
System info: host: 'Gauravo', ip: '172.27.140.167', os.name: 'Windows 8.1', os.arch: 'amd64', os.version: '6.3', java.version: '1.8.0_91'
Driver info: org.openqa.selenium.firefox.FirefoxDriver
Capabilities [{applicationCacheEnabled=true, rotatable=false, handlesAlerts=true, databaseEnabled=true, version=35.0.1, platform=WINDOWS, nativeEvents=false, acceptSslCerts=true, webStorageEnabled=true, locationContextEnabled=true, browserName=firefox, takesScreenshot=true, javascriptEnabled=true, cssSelectorsEnabled=true}]
Session ID: 3f24a0d6-779b-42c4-bed5-714dbdd7d879]]>
            </message>
            <full-stacktrace>
              <![CDATA[org.openqa.selenium.TimeoutException: Timed out waiting for page load.
Command duration or timeout: 1799.97 seconds
Build info: version: '2.48.2', revision: '41bccdd10cf2c0560f637404c2d96164b67d9d67', time: '2015-10-09 13:08:06'
System info: host: 'Gauravo', ip: '172.27.140.167', os.name: 'Windows 8.1', os.arch: 'amd64', os.version: '6.3', java.version: '1.8.0_91'
Driver info: org.openqa.selenium.firefox.FirefoxDriver
Capabilities [{applicationCacheEnabled=true, rotatable=false, handlesAlerts=true, databaseEnabled=true, version=35.0.1, platform=WINDOWS, nativeEvents=false, acceptSslCerts=true, webStorageEnabled=true, locationContextEnabled=true, browserName=firefox, takesScreenshot=true, javascriptEnabled=true, cssSelectorsEnabled=true}]
Session ID: 3f24a0d6-779b-42c4-bed5-714dbdd7d879
	at sun.reflect.NativeConstructorAccessorImpl.newInstance0(Native Method)
	at sun.reflect.NativeConstructorAccessorImpl.newInstance(NativeConstructorAccessorImpl.java:62)
	at sun.reflect.DelegatingConstructorAccessorImpl.newInstance(DelegatingConstructorAccessorImpl.java:45)
	at java.lang.reflect.Constructor.newInstance(Constructor.java:423)
	at org.openqa.selenium.remote.ErrorHandler.createThrowable(ErrorHandler.java:206)
	at org.openqa.selenium.remote.ErrorHandler.throwIfResponseFailed(ErrorHandler.java:158)
	at org.openqa.selenium.remote.RemoteWebDriver.execute(RemoteWebDriver.java:647)
	at org.openqa.selenium.remote.RemoteWebDriver.get(RemoteWebDriver.java:311)
	at com.test.AcceptanceTest.setup(AcceptanceTest.java:32)
	at sun.reflect.NativeMethodAccessorImpl.invoke0(Native Method)
	at sun.reflect.NativeMethodAccessorImpl.invoke(NativeMethodAccessorImpl.java:62)
	at sun.reflect.DelegatingMethodAccessorImpl.invoke(DelegatingMethodAccessorImpl.java:43)
	at java.lang.reflect.Method.invoke(Method.java:498)
	at org.testng.internal.MethodInvocationHelper.invokeMethod(MethodInvocationHelper.java:85)
	at org.testng.internal.Invoker.invokeConfigurationMethod(Invoker.java:510)
	at org.testng.internal.Invoker.invokeConfigurations(Invoker.java:211)
	at org.testng.internal.Invoker.invokeMethod(Invoker.java:585)
	at org.testng.internal.Invoker.invokeTestMethod(Invoker.java:816)
	at org.testng.internal.Invoker.invokeTestMethods(Invoker.java:1124)
	at org.testng.internal.TestMethodWorker.invokeTestMethods(TestMethodWorker.java:125)
	at org.testng.internal.TestMethodWorker.run(TestMethodWorker.java:108)
	at org.testng.TestRunner.privateRun(TestRunner.java:774)
	at org.testng.TestRunner.run(TestRunner.java:624)
	at org.testng.SuiteRunner.runTest(SuiteRunner.java:359)
	at org.testng.SuiteRunner.runSequentially(SuiteRunner.java:354)
	at org.testng.SuiteRunner.privateRun(SuiteRunner.java:312)
	at org.testng.SuiteRunner.run(SuiteRunner.java:261)
	at org.testng.SuiteRunnerWorker.runSuite(SuiteRunnerWorker.java:52)
	at org.testng.SuiteRunnerWorker.run(SuiteRunnerWorker.java:86)
	at org.testng.TestNG.runSuitesSequentially(TestNG.java:1215)
	at org.testng.TestNG.runSuitesLocally(TestNG.java:1140)
	at org.testng.TestNG.run(TestNG.java:1048)
	at org.testng.remote.AbstractRemoteTestNG.run(AbstractRemoteTestNG.java:126)
	at org.testng.remote.RemoteTestNG.initAndRun(RemoteTestNG.java:137)
	at org.testng.remote.RemoteTestNG.main(RemoteTestNG.java:58)
Caused by: org.openqa.selenium.TimeoutException: Timed out waiting for page load.
Build info: version: '2.48.2', revision: '41bccdd10cf2c0560f637404c2d96164b67d9d67', time: '2015-10-09 13:08:06'
System info: host: 'Gauravo', ip: '172.27.140.167', os.name: 'Windows 8.1', os.arch: 'amd64', os.version: '6.3', java.version: '1.8.0_91'
Driver info: driver.version: unknown
	at <anonymous class>.Utils.initWebLoadingListener/<(file:///C:/Users/gauravo/AppData/Local/Temp/anonymous5248181523389817968webdriver-profile/extensions/fxdriver@googlecode.com/components/driver-component.js:9010)
	at <anonymous class>.WebLoadingListener/e(file:///C:/Users/gauravo/AppData/Local/Temp/anonymous5248181523389817968webdriver-profile/extensions/fxdriver@googlecode.com/components/driver-component.js:5114)
	at <anonymous class>.WebLoadingListener/<(file:///C:/Users/gauravo/AppData/Local/Temp/anonymous5248181523389817968webdriver-profile/extensions/fxdriver@googlecode.com/components/driver-component.js:5122)
	at <anonymous class>.fxdriver.Timer.prototype.setTimeout/<.notify(file:///C:/Users/gauravo/AppData/Local/Temp/anonymous5248181523389817968webdriver-profile/extensions/fxdriver@googlecode.com/components/driver-component.js:621)
	at <anonymous class>.openModalWindow(resource://gre/components/nsPrompter.js:369)
	at <anonymous class>.ModalPrompter.prototype.openPrompt(resource://gre/components/nsPrompter.js:552)
	at <anonymous class>.ModalPrompter.prototype.nsIPrompt_promptUsernameAndPassword(resource://gre/components/nsPrompter.js:746)
	at <anonymous class>.ModalPrompter.prototype.promptAuth(resource://gre/components/nsPrompter.js:845)
	at <anonymous class>.Prompter.prototype.promptAuth(resource://gre/components/nsPrompter.js:107)
	at <anonymous class>.LoginManagerPrompter.prototype.promptAuth(resource://gre/components/nsLoginManagerPrompter.js:581)
	at <anonymous class>.LoginManagerPromptFactory.prototype._doAsyncPrompt/runnable.run(resource://gre/components/nsLoginManagerPrompter.js:97)
]]>
            </full-stacktrace>
          </exception> <!-- org.openqa.selenium.TimeoutException -->
          <reporter-output>
          </reporter-output>
        </test-method> <!-- setup -->
        <test-method status="SKIP" signature="ExecuteWithoutLogin()[pri:1, instance:com.test.AcceptanceTest@4883b407]" name="ExecuteWithoutLogin" duration-ms="3" started-at="2016-09-13T13:14:36Z" finished-at="2016-09-13T13:14:36Z">
          <reporter-output>
          </reporter-output>
        </test-method> <!-- ExecuteWithoutLogin -->
        <test-method status="SKIP" signature="setup()[pri:0, instance:com.test.AcceptanceTest@4883b407]" name="setup" is-config="true" duration-ms="0" started-at="2016-09-13T13:14:36Z" finished-at="2016-09-13T13:14:36Z">
          <reporter-output>
          </reporter-output>
        </test-method> <!-- setup -->
        <test-method status="SKIP" signature="ExecuteWithLogin()[pri:2, instance:com.test.AcceptanceTest@4883b407]" name="ExecuteWithLogin" duration-ms="2" started-at="2016-09-13T13:14:36Z" finished-at="2016-09-13T13:14:36Z">
          <reporter-output>
          </reporter-output>
        </test-method> <!-- ExecuteWithLogin -->
        <test-method status="SKIP" signature="setup()[pri:0, instance:com.test.AcceptanceTest@4883b407]" name="setup" is-config="true" duration-ms="0" started-at="2016-09-13T13:14:36Z" finished-at="2016-09-13T13:14:36Z">
          <reporter-output>
          </reporter-output>
        </test-method> <!-- setup -->
        <test-method status="SKIP" signature="IdeaCreation()[pri:3, instance:com.test.AcceptanceTest@4883b407]" name="IdeaCreation" duration-ms="2" started-at="2016-09-13T13:14:36Z" finished-at="2016-09-13T13:14:36Z">
          <reporter-output>
          </reporter-output>
        </test-method> <!-- IdeaCreation -->
        <test-method status="SKIP" signature="setup()[pri:0, instance:com.test.AcceptanceTest@4883b407]" name="setup" is-config="true" duration-ms="0" started-at="2016-09-13T13:14:36Z" finished-at="2016-09-13T13:14:36Z">
          <reporter-output>
          </reporter-output>
        </test-method> <!-- setup -->
        <test-method status="SKIP" signature="InviteTeamMember()[pri:4, instance:com.test.AcceptanceTest@4883b407]" name="InviteTeamMember" duration-ms="1" started-at="2016-09-13T13:14:36Z" finished-at="2016-09-13T13:14:36Z">
          <reporter-output>
          </reporter-output>
        </test-method> <!-- InviteTeamMember -->
      </class> <!-- com.test.AcceptanceTest -->
    </test> <!-- Default test -->
  </suite> <!-- Default suite -->
</testng-results>
